<?xml version="1.0" encoding="UTF-8"?>
<!-- Generated by org.testng.reporters.JUnitXMLReporter -->
<testsuite ignored="0" hostname="DESKTOP-B2CVR5H" failures="2" tests="2" name="Test" time="23.845" errors="0" timestamp="2022-08-14T19:00:23 IST">
  <testcase classname="com.edusoln.runner.TestRunner" name="Login" time="0.298">
    <failure type="java.lang.NullPointerException" message="Cannot invoke &amp;quot;Object.toString()&amp;quot; because the return value of &amp;quot;java.util.Map.get(Object)&amp;quot; is null">
      <![CDATA[java.lang.NullPointerException: Cannot invoke "Object.toString()" because the return value of "java.util.Map.get(Object)" is null
at com.edusoln.pom.LoginPage.login(LoginPage.java:34)
at com.edusoln.runner.TestRunner.Login(TestRunner.java:65)
at java.base/java.util.ArrayList.forEach(ArrayList.java:1511)
... Removed 31 stack frames]]>
    </failure>
  </testcase> <!-- Login -->
  <testcase classname="com.edusoln.runner.TestRunner" name="assignLeave" time="0.128">
    <failure type="java.lang.NullPointerException" message="Cannot invoke &amp;quot;Object.toString()&amp;quot; because the return value of &amp;quot;java.util.Map.get(Object)&amp;quot; is null">
      <![CDATA[java.lang.NullPointerException: Cannot invoke "Object.toString()" because the return value of "java.util.Map.get(Object)" is null
at com.edusoln.pom.LoginPage.login(LoginPage.java:34)
at com.edusoln.runner.TestRunner.assignLeave(TestRunner.java:73)
at java.base/java.util.ArrayList.forEach(ArrayList.java:1511)
... Removed 31 stack frames]]>
    </failure>
  </testcase> <!-- assignLeave -->
</testsuite> <!-- Test -->
